[debug] [2021-04-16T01:27:01.129Z] ----------------------------------------------------------------------
[debug] [2021-04-16T01:27:01.131Z] Command:       C:\Program Files\nodejs\node.exe C:\Users\oboco\AppData\Roaming\npm\node_modules\firebase-tools\lib\bin\firebase.js init
[debug] [2021-04-16T01:27:01.131Z] CLI Version:   9.10.0
[debug] [2021-04-16T01:27:01.131Z] Platform:      win32
[debug] [2021-04-16T01:27:01.132Z] Node Version:  v15.12.0
[debug] [2021-04-16T01:27:01.132Z] Time:          Fri Apr 16 2021 02:27:01 GMT+0100 (heure normale d’Afrique de l’Ouest)
[debug] [2021-04-16T01:27:01.132Z] ----------------------------------------------------------------------
[debug] 
[debug] [2021-04-16T01:27:01.139Z] > command requires scopes: ["email","openid","https://www.googleapis.com/auth/cloudplatformprojects.readonly","https://www.googleapis.com/auth/firebase","https://www.googleapis.com/auth/cloud-platform"]
[debug] [2021-04-16T01:27:01.141Z] > authorizing via signed-in user (obocoum.66@gmail.com)
[info] 
     ######## #### ########  ######## ########     ###     ######  ########
     ##        ##  ##     ## ##       ##     ##  ##   ##  ##       ##
     ######    ##  ########  ######   ########  #########  ######  ######
     ##        ##  ##    ##  ##       ##     ## ##     ##       ## ##
     ##       #### ##     ## ######## ########  ##     ##  ######  ########

You're about to initialize a Firebase project in this directory:

  D:\Projets\covid-19-tracker\covid-19-tracker

Before we get started, keep in mind:

  * You are initializing in an existing Firebase project directory

[info] 
=== Project Setup
[info] 
[info] First, let's associate this project directory with a Firebase project.
[info] You can create multiple project aliases by running firebase use --add, 
[info] but for now we'll just set up a default project.
[info] 
[info] i  .firebaserc already has a default project, using covid-19-tracker-a6c27. 
[debug] [2021-04-16T01:27:08.069Z] > refreshing access token with scopes: []
[debug] [2021-04-16T01:27:08.070Z] >>> HTTP REQUEST POST https://www.googleapis.com/oauth2/v3/token  
 <request body omitted>
[debug] [2021-04-16T01:27:08.828Z] <<< HTTP RESPONSE 200 {"expires":"Mon, 01 Jan 1990 00:00:00 GMT","cache-control":"no-cache, no-store, max-age=0, must-revalidate","date":"Fri, 16 Apr 2021 01:27:08 GMT","pragma":"no-cache","content-type":"application/json; charset=utf-8","vary":"X-Origin, Referer, Origin,Accept-Encoding","server":"scaffolding on HTTPServer2","x-xss-protection":"0","x-frame-options":"SAMEORIGIN","x-content-type-options":"nosniff","alt-svc":"h3-29=\":443\"; ma=2592000,h3-T051=\":443\"; ma=2592000,h3-Q050=\":443\"; ma=2592000,h3-Q046=\":443\"; ma=2592000,h3-Q043=\":443\"; ma=2592000,quic=\":443\"; ma=2592000; v=\"46,43\"","accept-ranges":"none","transfer-encoding":"chunked"}
[debug] [2021-04-16T01:27:08.854Z] >>> [apiv2][query] GET https://firebase.googleapis.com/v1beta1/projects/covid-19-tracker-a6c27 [none]
[debug] [2021-04-16T01:27:09.326Z] <<< [apiv2][status] GET https://firebase.googleapis.com/v1beta1/projects/covid-19-tracker-a6c27 200
[debug] [2021-04-16T01:27:09.326Z] <<< [apiv2][body] GET https://firebase.googleapis.com/v1beta1/projects/covid-19-tracker-a6c27 {"projectId":"covid-19-tracker-a6c27","projectNumber":"517231795195","displayName":"Covid 19 Tracker","name":"projects/covid-19-tracker-a6c27","resources":{"hostingSite":"covid-19-tracker-a6c27"},"state":"ACTIVE"}
[info] 
=== Hosting Setup
[info] 
[info] Your public directory is the folder (relative to your project directory) that
[info] will contain Hosting assets to be uploaded with firebase deploy. If you
[info] have a build process for your assets, use your build's output directory.
[info] 
[debug] [2021-04-16T01:27:20.173Z] >>> [apiv2][query] GET https://www.gstatic.com/firebasejs/releases.json [none]
[debug] [2021-04-16T01:27:20.521Z] <<< [apiv2][status] GET https://www.gstatic.com/firebasejs/releases.json 200
[debug] [2021-04-16T01:27:20.521Z] <<< [apiv2][body] GET https://www.gstatic.com/firebasejs/releases.json {"current":{"version":"8.4.1","browserURL":"https://www.gstatic.com/firebasejs/8.4.1/firebase.js","packageURL":"https://www.gstatic.com/firebasejs/8.4.1/firebase.tgz"},"live":{"version":"8.4","browserURL":"https://www.gstatic.com/firebasejs/live/8.4/firebase.js","packageURL":"https://www.gstatic.com/firebasejs/live/8.4/firebase.tgz"},"components":{"analytics":"https://www.gstatic.com/firebasejs/8.4.1/firebase-analytics.js","app":"https://www.gstatic.com/firebasejs/8.4.1/firebase-app.js","auth":"https://www.gstatic.com/firebasejs/8.4.1/firebase-auth.js","database":"https://www.gstatic.com/firebasejs/8.4.1/firebase-database.js","firestore":"https://www.gstatic.com/firebasejs/8.4.1/firebase-firestore.js","functions":"https://www.gstatic.com/firebasejs/8.4.1/firebase-functions.js","installations":"https://www.gstatic.com/firebasejs/8.4.1/firebase-installations.js","messaging":"https://www.gstatic.com/firebasejs/8.4.1/firebase-messaging.js","storage":"https://www.gstatic.com/firebasejs/8.4.1/firebase-storage.js","performance":"https://www.gstatic.com/firebasejs/8.4.1/firebase-performance.js","remote-config":"https://www.gstatic.com/firebasejs/8.4.1/firebase-remote-config.js","firestore.memory":"https://www.gstatic.com/firebasejs/8.4.1/firebase-firestore.memory.js"}}
[info] +  Wrote build/index.html 
[info] 
[info] i  Didn't detect a .git folder. Assuming D:\Projets\covid-19-tracker\covid-19-tracker is the project root. 
[info] i  Authorizing with GitHub to upload your service account to a GitHub repository's secrets store. 
[info] 
[info] Visit this URL on this device to log in:
[info] https://github.com/login/oauth/authorize?client_id=89cf50f02ac6aaed3484&state=27820706&redirect_uri=http%3A%2F%2Flocalhost%3A9005&scope=read%3Auser%20repo%20public_repo
[info] 
[info] Waiting for authentication...
[debug] [2021-04-16T01:27:24.337Z] >>> HTTP REQUEST POST https://github.com/login/oauth/access_token  
 {"client_id":"89cf50f02ac6aaed3484","client_secret":"3330d14abc895d9a74d5f17cd7a00711fa2c5bf0","code":"96abe7c6c188535d91d1","redirect_uri":"http://localhost:9005","state":"27820706"}
[debug] [2021-04-16T01:27:24.763Z] <<< HTTP RESPONSE 200 {"server":"GitHub.com","date":"Fri, 16 Apr 2021 01:27:24 GMT","content-type":"application/json; charset=utf-8","transfer-encoding":"chunked","vary":"X-PJAX, Accept-Encoding, Accept, X-Requested-With","etag":"W/\"81ae1996fd5fb867d09718eff4e69fa0\"","cache-control":"max-age=0, private, must-revalidate","strict-transport-security":"max-age=31536000; includeSubdomains; preload","x-frame-options":"deny","x-content-type-options":"nosniff","x-xss-protection":"0","referrer-policy":"origin-when-cross-origin, strict-origin-when-cross-origin","expect-ct":"max-age=2592000, report-uri=\"https://api.github.com/_private/browser/errors\"","content-security-policy":"default-src 'none'; base-uri 'self'; block-all-mixed-content; connect-src 'self' uploads.github.com www.githubstatus.com collector.githubapp.com api.github.com github-cloud.s3.amazonaws.com github-production-repository-file-5c1aeb.s3.amazonaws.com github-production-upload-manifest-file-7fdce7.s3.amazonaws.com github-production-user-asset-6210df.s3.amazonaws.com cdn.optimizely.com logx.optimizely.com/v1/events wss://alive.github.com; font-src github.githubassets.com; form-action 'self' github.com gist.github.com; frame-ancestors 'none'; frame-src render.githubusercontent.com; img-src 'self' data: github.githubassets.com identicons.github.com collector.githubapp.com github-cloud.s3.amazonaws.com secured-user-images.githubusercontent.com/ *.githubusercontent.com; manifest-src 'self'; media-src 'none'; script-src github.githubassets.com; style-src 'unsafe-inline' github.githubassets.com; worker-src github.com/socket-worker-3f088aa2.js gist.github.com/socket-worker-3f088aa2.js","x-github-request-id":"F7E4:11FD4:9A53BA:9F0E6C:6078E7FC"}
[debug] [2021-04-16T01:27:24.776Z] >>> [apiv2][query] GET https://api.github.com/user [none]
[debug] [2021-04-16T01:27:25.328Z] <<< [apiv2][status] GET https://api.github.com/user 200
[debug] [2021-04-16T01:27:25.328Z] <<< [apiv2][body] GET https://api.github.com/user {"login":"striderking9","id":63275356,"node_id":"MDQ6VXNlcjYzMjc1MzU2","avatar_url":"https://avatars.githubusercontent.com/u/63275356?v=4","gravatar_id":"","url":"https://api.github.com/users/striderking9","html_url":"https://github.com/striderking9","followers_url":"https://api.github.com/users/striderking9/followers","following_url":"https://api.github.com/users/striderking9/following{/other_user}","gists_url":"https://api.github.com/users/striderking9/gists{/gist_id}","starred_url":"https://api.github.com/users/striderking9/starred{/owner}{/repo}","subscriptions_url":"https://api.github.com/users/striderking9/subscriptions","organizations_url":"https://api.github.com/users/striderking9/orgs","repos_url":"https://api.github.com/users/striderking9/repos","events_url":"https://api.github.com/users/striderking9/events{/privacy}","received_events_url":"https://api.github.com/users/striderking9/received_events","type":"User","site_admin":false,"name":null,"company":null,"blog":"","location":null,"email":null,"hireable":null,"bio":null,"twitter_username":null,"public_repos":0,"public_gists":0,"followers":1,"following":1,"created_at":"2020-04-07T03:21:07Z","updated_at":"2021-04-16T00:02:49Z","private_gists":0,"total_private_repos":1,"owned_private_repos":1,"disk_usage":0,"collaborators":0,"two_factor_authentication":false,"plan":{"name":"free","space":976562499,"collaborators":0,"private_repos":10000}}
[info] 
[info] +  Success! Logged into GitHub as striderking9 
[info] 
[debug] [2021-04-16T01:32:20.234Z] >>> [apiv2][query] GET https://api.github.com/repos/striderking9/Covid-19-Tracker/actions/secrets/public-key type=owner
[debug] [2021-04-16T01:32:20.693Z] <<< [apiv2][status] GET https://api.github.com/repos/striderking9/Covid-19-Tracker/actions/secrets/public-key 404
[debug] [2021-04-16T01:32:20.694Z] <<< [apiv2][body] GET https://api.github.com/repos/striderking9/Covid-19-Tracker/actions/secrets/public-key {"message":"Not Found","documentation_url":"https://docs.github.com/rest/reference/actions#get-a-repository-public-key"}
[debug] [2021-04-16T01:32:32.453Z] >>> [apiv2][query] GET https://api.github.com/repos/https://github.com/users/striderking9/projects/1/actions/secrets/public-key type=owner
[debug] [2021-04-16T01:32:32.889Z] <<< [apiv2][status] GET https://api.github.com/repos/https://github.com/users/striderking9/projects/1/actions/secrets/public-key 404
[debug] [2021-04-16T01:32:32.889Z] <<< [apiv2][body] GET https://api.github.com/repos/https://github.com/users/striderking9/projects/1/actions/secrets/public-key {"message":"Not Found","documentation_url":"https://docs.github.com/rest"}
